2025-01-15 20:10:40.367 | INFO     | utils.utils_logger:<module>:38 - Logging to file: logs\project_log.log
2025-01-15 20:10:40.368 | INFO     | __main__:main:106 - START producer...
2025-01-15 20:10:40.369 | INFO     | __main__:main:107 - Hit CTRL c (or CMD c) to close.
2025-01-15 20:10:40.369 | INFO     | __main__:get_message_interval:53 - Messages will be sent every 3 seconds.
2025-01-15 20:10:40.369 | INFO     | __main__:main:114 - I just found a movie! It was amazing.
2025-01-15 20:10:43.370 | INFO     | __main__:main:114 - I just loved a meme! It was boring.
2025-01-15 20:10:46.370 | INFO     | __main__:main:114 - I just found an app! It was funny.
2025-01-15 20:10:49.372 | INFO     | __main__:main:114 - I just found an app! It was amazing.
2025-01-15 20:10:52.373 | INFO     | __main__:main:114 - I just loved a trick! It was boring.
2025-01-15 20:10:55.374 | INFO     | __main__:main:114 - I just loved a story! It was funny.
2025-01-15 20:10:58.376 | INFO     | __main__:main:114 - I just loved a story! It was boring.
2025-01-15 20:11:01.376 | INFO     | __main__:main:114 - I just loved a movie! It was exciting.
2025-01-15 20:11:04.378 | INFO     | __main__:main:114 - I just tried an app! It was exciting.
2025-01-15 20:11:07.380 | INFO     | __main__:main:114 - I just loved a trick! It was amazing.
2025-01-15 20:11:10.381 | INFO     | __main__:main:114 - I just saw a movie! It was amazing.
2025-01-15 20:11:13.383 | INFO     | __main__:main:114 - I just shared a movie! It was exciting.
2025-01-15 20:11:16.384 | INFO     | __main__:main:114 - I just found a story! It was weird.
2025-01-15 20:11:19.385 | INFO     | __main__:main:114 - I just saw a movie! It was exciting.
2025-01-15 20:11:22.386 | INFO     | __main__:main:114 - I just tried a meme! It was exciting.
2025-01-15 20:11:25.387 | INFO     | __main__:main:114 - I just found a story! It was funny.
2025-01-15 20:11:28.388 | INFO     | __main__:main:114 - I just tried an app! It was exciting.
2025-01-15 20:11:31.389 | INFO     | __main__:main:114 - I just tried a movie! It was funny.
2025-01-15 20:11:34.390 | INFO     | __main__:main:114 - I just found a movie! It was boring.
2025-01-15 20:11:37.391 | INFO     | __main__:main:114 - I just tried an app! It was amazing.
2025-01-15 20:11:40.391 | INFO     | __main__:main:114 - I just found a story! It was weird.
2025-01-15 20:11:43.393 | INFO     | __main__:main:114 - I just shared a meme! It was exciting.
2025-01-15 20:11:46.394 | INFO     | __main__:main:114 - I just tried a story! It was weird.
2025-01-15 20:11:49.395 | INFO     | __main__:main:114 - I just saw a story! It was exciting.
2025-01-15 20:11:52.396 | INFO     | __main__:main:114 - I just shared an app! It was funny.
2025-01-15 20:11:55.397 | INFO     | __main__:main:114 - I just found a movie! It was funny.
2025-01-15 20:11:58.398 | INFO     | __main__:main:114 - I just found a meme! It was exciting.
2025-01-15 20:12:01.398 | INFO     | __main__:main:114 - I just saw an app! It was boring.
2025-01-15 20:12:04.399 | INFO     | __main__:main:114 - I just loved a trick! It was exciting.
2025-01-15 20:12:07.401 | INFO     | __main__:main:114 - I just loved a movie! It was weird.
2025-01-15 20:12:10.401 | INFO     | __main__:main:114 - I just shared a movie! It was weird.
2025-01-15 20:12:13.402 | INFO     | __main__:main:114 - I just tried a movie! It was exciting.
2025-01-15 20:12:16.403 | INFO     | __main__:main:114 - I just tried a meme! It was funny.
2025-01-15 20:12:19.405 | INFO     | __main__:main:114 - I just tried a story! It was exciting.
2025-01-15 20:12:22.406 | INFO     | __main__:main:114 - I just found a story! It was amazing.
2025-01-15 20:12:25.407 | INFO     | __main__:main:114 - I just shared a trick! It was boring.
2025-01-15 20:12:28.408 | INFO     | __main__:main:114 - I just tried a story! It was weird.
2025-01-15 20:12:31.409 | INFO     | __main__:main:114 - I just found a movie! It was exciting.
2025-01-15 20:12:34.411 | INFO     | __main__:main:114 - I just saw a movie! It was funny.
2025-01-15 20:12:37.412 | INFO     | __main__:main:114 - I just saw an app! It was amazing.
2025-01-15 20:12:40.412 | INFO     | __main__:main:114 - I just tried a meme! It was boring.
2025-01-15 20:12:43.413 | INFO     | __main__:main:114 - I just saw a story! It was exciting.
2025-01-15 20:12:46.414 | INFO     | __main__:main:114 - I just saw a movie! It was weird.
2025-01-15 20:12:49.415 | INFO     | __main__:main:114 - I just found a meme! It was exciting.
2025-01-15 20:12:52.417 | INFO     | __main__:main:114 - I just shared a story! It was amazing.
2025-01-15 20:12:55.418 | INFO     | __main__:main:114 - I just shared a story! It was boring.
2025-01-15 20:12:58.420 | INFO     | __main__:main:114 - I just tried a meme! It was amazing.
2025-01-15 20:13:01.421 | INFO     | __main__:main:114 - I just found a movie! It was exciting.
2025-01-15 20:13:04.422 | INFO     | __main__:main:114 - I just saw a meme! It was boring.
2025-01-15 20:13:07.423 | INFO     | __main__:main:114 - I just shared a meme! It was funny.
2025-01-15 20:13:10.424 | INFO     | __main__:main:114 - I just found a trick! It was amazing.
2025-01-15 20:13:13.425 | INFO     | __main__:main:114 - I just loved a story! It was amazing.
2025-01-15 20:13:16.426 | INFO     | __main__:main:114 - I just found a story! It was weird.
2025-01-15 20:13:19.427 | INFO     | __main__:main:114 - I just tried a meme! It was boring.
2025-01-15 20:13:22.429 | INFO     | __main__:main:114 - I just shared a meme! It was exciting.
2025-01-15 20:13:25.430 | INFO     | __main__:main:114 - I just shared a meme! It was exciting.
2025-01-15 20:13:28.431 | INFO     | __main__:main:114 - I just shared an app! It was boring.
2025-01-15 20:13:31.432 | INFO     | __main__:main:114 - I just shared a story! It was exciting.
2025-01-15 20:13:34.434 | INFO     | __main__:main:114 - I just saw a story! It was weird.
2025-01-15 20:13:37.434 | INFO     | __main__:main:114 - I just found a trick! It was boring.
2025-01-15 20:13:40.435 | INFO     | __main__:main:114 - I just found a movie! It was funny.
2025-01-15 20:13:43.436 | INFO     | __main__:main:114 - I just found a meme! It was weird.
2025-01-15 20:13:46.438 | INFO     | __main__:main:114 - I just found an app! It was boring.
2025-01-15 20:13:49.439 | INFO     | __main__:main:114 - I just shared a meme! It was amazing.
2025-01-15 20:13:52.440 | INFO     | __main__:main:114 - I just shared an app! It was funny.
2025-01-15 20:13:55.442 | INFO     | __main__:main:114 - I just saw a trick! It was funny.
2025-01-15 20:13:58.444 | INFO     | __main__:main:114 - I just loved a story! It was amazing.
2025-01-15 20:14:01.445 | INFO     | __main__:main:114 - I just loved an app! It was funny.
2025-01-15 20:14:04.446 | INFO     | __main__:main:114 - I just saw a trick! It was exciting.
2025-01-15 20:14:07.448 | INFO     | __main__:main:114 - I just loved a story! It was amazing.
2025-01-15 20:14:10.449 | INFO     | __main__:main:114 - I just tried a meme! It was amazing.
2025-01-15 20:14:13.450 | INFO     | __main__:main:114 - I just loved a movie! It was amazing.
2025-01-15 20:14:16.452 | INFO     | __main__:main:114 - I just saw a trick! It was boring.
2025-01-15 20:14:19.454 | INFO     | __main__:main:114 - I just shared an app! It was boring.
2025-01-15 20:14:22.454 | INFO     | __main__:main:114 - I just found a movie! It was funny.
2025-01-15 20:14:25.456 | INFO     | __main__:main:114 - I just loved a story! It was funny.
2025-01-15 20:14:28.457 | INFO     | __main__:main:114 - I just shared a movie! It was amazing.
2025-01-15 20:14:31.458 | INFO     | __main__:main:114 - I just saw an app! It was amazing.
2025-01-15 20:14:34.460 | INFO     | __main__:main:114 - I just saw an app! It was funny.
2025-01-15 20:14:37.461 | INFO     | __main__:main:114 - I just tried a meme! It was weird.
2025-01-15 20:14:40.462 | INFO     | __main__:main:114 - I just loved an app! It was weird.
2025-01-15 20:14:43.463 | INFO     | __main__:main:114 - I just shared a movie! It was exciting.
2025-01-15 20:14:46.464 | INFO     | __main__:main:114 - I just shared a movie! It was weird.
2025-01-15 20:14:49.465 | INFO     | __main__:main:114 - I just tried a story! It was weird.
2025-01-15 20:14:52.466 | INFO     | __main__:main:114 - I just saw a trick! It was exciting.
2025-01-15 20:14:55.467 | INFO     | __main__:main:114 - I just loved an app! It was exciting.
2025-01-15 20:14:58.468 | INFO     | __main__:main:114 - I just shared a trick! It was amazing.
2025-01-15 20:15:01.469 | INFO     | __main__:main:114 - I just tried a movie! It was exciting.
2025-01-15 20:15:04.470 | INFO     | __main__:main:114 - I just shared a movie! It was exciting.
2025-01-15 20:15:07.472 | INFO     | __main__:main:114 - I just shared a movie! It was amazing.
2025-01-15 20:15:10.474 | INFO     | __main__:main:114 - I just shared a trick! It was amazing.
2025-01-15 20:15:13.476 | INFO     | __main__:main:114 - I just loved a trick! It was exciting.
2025-01-15 20:15:16.477 | INFO     | __main__:main:114 - I just loved a movie! It was weird.
2025-01-15 20:15:19.478 | INFO     | __main__:main:114 - I just shared a trick! It was exciting.
2025-01-15 20:15:22.479 | INFO     | __main__:main:114 - I just saw a story! It was funny.
2025-01-15 20:15:25.480 | INFO     | __main__:main:114 - I just shared an app! It was boring.
2025-01-15 20:15:28.481 | INFO     | __main__:main:114 - I just found a meme! It was exciting.
2025-01-15 20:15:31.482 | INFO     | __main__:main:114 - I just tried a story! It was amazing.
2025-01-15 20:15:34.483 | INFO     | __main__:main:114 - I just found a meme! It was weird.
2025-01-15 20:15:37.485 | INFO     | __main__:main:114 - I just found a meme! It was amazing.
2025-01-15 20:15:40.486 | INFO     | __main__:main:114 - I just saw a trick! It was funny.
2025-01-15 20:15:43.487 | INFO     | __main__:main:114 - I just saw a meme! It was weird.
2025-01-15 20:15:46.488 | INFO     | __main__:main:114 - I just tried an app! It was weird.
2025-01-15 20:15:49.489 | INFO     | __main__:main:114 - I just found an app! It was exciting.
2025-01-15 20:15:52.490 | INFO     | __main__:main:114 - I just tried an app! It was boring.
2025-01-15 20:15:55.491 | INFO     | __main__:main:114 - I just shared a meme! It was boring.
2025-01-15 20:15:58.492 | INFO     | __main__:main:114 - I just shared a movie! It was weird.
2025-01-15 20:16:01.493 | INFO     | __main__:main:114 - I just tried a trick! It was amazing.
2025-01-15 20:16:04.494 | INFO     | __main__:main:114 - I just saw an app! It was weird.
2025-01-15 20:16:07.495 | INFO     | __main__:main:114 - I just tried a story! It was boring.
2025-01-15 20:16:10.496 | INFO     | __main__:main:114 - I just tried a trick! It was boring.
2025-01-15 20:16:13.498 | INFO     | __main__:main:114 - I just shared a trick! It was exciting.
2025-01-15 20:16:16.499 | INFO     | __main__:main:114 - I just loved a trick! It was boring.
2025-01-15 20:16:19.501 | INFO     | __main__:main:114 - I just loved a trick! It was weird.
2025-01-15 20:16:22.502 | INFO     | __main__:main:114 - I just loved an app! It was weird.
2025-01-15 20:16:25.504 | INFO     | __main__:main:114 - I just shared a story! It was boring.
2025-01-15 20:16:28.505 | INFO     | __main__:main:114 - I just found a movie! It was weird.
2025-01-15 20:16:31.505 | INFO     | __main__:main:114 - I just tried an app! It was boring.
2025-01-15 20:16:34.506 | INFO     | __main__:main:114 - I just shared a movie! It was funny.
2025-01-15 20:16:37.507 | INFO     | __main__:main:114 - I just shared a story! It was weird.
2025-01-15 20:16:40.508 | INFO     | __main__:main:114 - I just saw a meme! It was exciting.
2025-01-15 20:16:43.510 | INFO     | __main__:main:114 - I just tried a meme! It was boring.
2025-01-15 20:16:46.513 | INFO     | __main__:main:114 - I just shared a movie! It was weird.
2025-01-15 20:16:49.515 | INFO     | __main__:main:114 - I just tried a trick! It was amazing.
2025-01-15 20:16:52.517 | INFO     | __main__:main:114 - I just loved a movie! It was amazing.
2025-01-15 20:16:55.518 | INFO     | __main__:main:114 - I just found a meme! It was amazing.
2025-01-15 20:16:58.519 | INFO     | __main__:main:114 - I just loved an app! It was funny.
2025-01-15 20:17:01.520 | INFO     | __main__:main:114 - I just found a meme! It was funny.
2025-01-15 20:17:04.521 | INFO     | __main__:main:114 - I just found a meme! It was weird.
2025-01-15 20:17:07.522 | INFO     | __main__:main:114 - I just saw an app! It was boring.
2025-01-15 20:17:10.524 | INFO     | __main__:main:114 - I just tried a story! It was funny.
2025-01-15 20:17:13.526 | INFO     | __main__:main:114 - I just tried an app! It was weird.
2025-01-15 20:17:16.528 | INFO     | __main__:main:114 - I just saw a trick! It was weird.
2025-01-15 20:17:19.530 | INFO     | __main__:main:114 - I just saw a trick! It was boring.
2025-01-15 20:17:22.532 | INFO     | __main__:main:114 - I just tried a meme! It was exciting.
2025-01-15 20:17:25.533 | INFO     | __main__:main:114 - I just found a movie! It was exciting.
2025-01-15 20:17:28.535 | INFO     | __main__:main:114 - I just tried a meme! It was exciting.
2025-01-15 20:17:31.537 | INFO     | __main__:main:114 - I just found an app! It was amazing.
2025-01-15 20:17:34.538 | INFO     | __main__:main:114 - I just found a story! It was weird.
2025-01-15 20:17:37.539 | INFO     | __main__:main:114 - I just shared an app! It was amazing.
2025-01-15 20:17:40.540 | INFO     | __main__:main:114 - I just saw a trick! It was weird.
2025-01-15 20:17:43.541 | INFO     | __main__:main:114 - I just loved a movie! It was weird.
2025-01-15 20:17:46.542 | INFO     | __main__:main:114 - I just saw a movie! It was weird.
2025-01-15 20:17:49.543 | INFO     | __main__:main:114 - I just saw an app! It was boring.
2025-01-15 20:17:52.544 | INFO     | __main__:main:114 - I just loved a story! It was exciting.
2025-01-15 20:17:55.545 | INFO     | __main__:main:114 - I just tried a meme! It was funny.
2025-01-15 20:17:58.545 | INFO     | __main__:main:114 - I just saw a movie! It was amazing.
2025-01-15 20:18:01.546 | INFO     | __main__:main:114 - I just loved a movie! It was amazing.
2025-01-15 20:18:04.547 | INFO     | __main__:main:114 - I just tried a trick! It was weird.
2025-01-15 20:18:07.549 | INFO     | __main__:main:114 - I just loved a movie! It was boring.
2025-01-15 20:18:10.550 | INFO     | __main__:main:114 - I just tried a story! It was boring.
2025-01-15 20:18:13.551 | INFO     | __main__:main:114 - I just saw a story! It was funny.
2025-01-15 20:18:16.553 | INFO     | __main__:main:114 - I just loved a trick! It was funny.
2025-01-15 20:18:19.554 | INFO     | __main__:main:114 - I just tried a story! It was weird.
2025-01-15 20:18:22.556 | INFO     | __main__:main:114 - I just found a meme! It was amazing.
2025-01-15 20:18:25.557 | INFO     | __main__:main:114 - I just loved a trick! It was exciting.
2025-01-15 20:18:28.559 | INFO     | __main__:main:114 - I just loved a trick! It was amazing.
2025-01-15 20:18:31.561 | INFO     | __main__:main:114 - I just tried a meme! It was funny.
2025-01-15 20:18:34.563 | INFO     | __main__:main:114 - I just found a movie! It was exciting.
2025-01-15 20:18:37.565 | INFO     | __main__:main:114 - I just tried an app! It was boring.
2025-01-15 20:18:40.565 | INFO     | __main__:main:114 - I just found a meme! It was amazing.
2025-01-15 20:18:43.567 | INFO     | __main__:main:114 - I just saw a trick! It was amazing.
2025-01-15 20:18:46.568 | INFO     | __main__:main:114 - I just tried a story! It was exciting.
2025-01-15 20:18:49.569 | INFO     | __main__:main:114 - I just shared a trick! It was exciting.
2025-01-15 20:18:52.571 | INFO     | __main__:main:114 - I just loved an app! It was amazing.
2025-01-15 20:18:55.572 | INFO     | __main__:main:114 - I just tried a meme! It was exciting.
2025-01-15 20:18:58.574 | INFO     | __main__:main:114 - I just shared a meme! It was amazing.
2025-01-15 20:19:01.576 | INFO     | __main__:main:114 - I just shared a trick! It was boring.
2025-01-15 20:19:04.577 | INFO     | __main__:main:114 - I just loved a story! It was exciting.
2025-01-15 20:19:07.580 | INFO     | __main__:main:114 - I just loved a story! It was funny.
2025-01-15 20:19:10.582 | INFO     | __main__:main:114 - I just saw an app! It was amazing.
2025-01-15 20:19:13.584 | INFO     | __main__:main:114 - I just saw an app! It was weird.
2025-01-15 20:19:16.585 | INFO     | __main__:main:114 - I just shared a story! It was amazing.
2025-01-15 20:19:19.588 | INFO     | __main__:main:114 - I just tried a movie! It was weird.
2025-01-15 20:19:22.589 | INFO     | __main__:main:114 - I just loved a meme! It was exciting.
2025-01-15 20:19:25.590 | INFO     | __main__:main:114 - I just saw a story! It was weird.
2025-01-15 20:19:28.591 | INFO     | __main__:main:114 - I just loved an app! It was funny.
2025-01-15 20:19:31.591 | INFO     | __main__:main:114 - I just shared an app! It was exciting.
2025-01-15 20:19:34.592 | INFO     | __main__:main:114 - I just shared a story! It was funny.
2025-01-15 20:19:37.593 | INFO     | __main__:main:114 - I just saw a trick! It was amazing.
2025-01-15 20:19:40.593 | INFO     | __main__:main:114 - I just tried a trick! It was exciting.
2025-01-15 20:19:43.594 | INFO     | __main__:main:114 - I just found a movie! It was funny.
2025-01-15 20:19:46.595 | INFO     | __main__:main:114 - I just tried a meme! It was exciting.
2025-01-15 20:19:49.596 | INFO     | __main__:main:114 - I just saw an app! It was amazing.
2025-01-15 20:19:52.597 | INFO     | __main__:main:114 - I just saw a trick! It was boring.
2025-01-15 20:19:55.597 | INFO     | __main__:main:114 - I just shared a meme! It was weird.
2025-01-15 20:19:58.598 | INFO     | __main__:main:114 - I just tried a story! It was weird.
2025-01-15 20:20:01.599 | INFO     | __main__:main:114 - I just saw a movie! It was exciting.
2025-01-15 20:20:04.600 | INFO     | __main__:main:114 - I just saw an app! It was funny.
2025-01-15 20:20:07.601 | INFO     | __main__:main:114 - I just found a story! It was funny.
2025-01-15 20:20:10.601 | INFO     | __main__:main:114 - I just shared a meme! It was funny.
2025-01-15 20:20:13.603 | INFO     | __main__:main:114 - I just saw a meme! It was boring.
2025-01-15 20:20:16.604 | INFO     | __main__:main:114 - I just found a meme! It was amazing.
2025-01-15 20:20:19.605 | INFO     | __main__:main:114 - I just saw a trick! It was funny.
2025-01-15 20:20:22.606 | INFO     | __main__:main:114 - I just tried a meme! It was weird.
2025-01-15 20:20:25.608 | INFO     | __main__:main:114 - I just shared a trick! It was boring.
2025-01-15 20:20:28.609 | INFO     | __main__:main:114 - I just found a movie! It was exciting.
2025-01-15 20:20:31.610 | INFO     | __main__:main:114 - I just loved a trick! It was exciting.
2025-01-15 20:20:34.611 | INFO     | __main__:main:114 - I just found an app! It was exciting.
2025-01-15 20:20:37.612 | INFO     | __main__:main:114 - I just saw an app! It was amazing.
2025-01-15 20:20:40.612 | INFO     | __main__:main:114 - I just shared a trick! It was weird.
2025-01-15 20:20:43.613 | INFO     | __main__:main:114 - I just loved a story! It was weird.
2025-01-15 20:20:46.613 | INFO     | __main__:main:114 - I just found a meme! It was amazing.
2025-01-15 20:20:49.614 | INFO     | __main__:main:114 - I just found a movie! It was amazing.
2025-01-15 20:20:52.616 | INFO     | __main__:main:114 - I just shared a trick! It was exciting.
2025-01-15 20:20:55.617 | INFO     | __main__:main:114 - I just found a meme! It was exciting.
2025-01-15 20:20:58.619 | INFO     | __main__:main:114 - I just found a story! It was weird.
2025-01-15 20:21:01.620 | INFO     | __main__:main:114 - I just found a trick! It was boring.
2025-01-15 20:21:04.622 | INFO     | __main__:main:114 - I just saw a movie! It was weird.
2025-01-15 20:21:07.623 | INFO     | __main__:main:114 - I just found a meme! It was weird.
2025-01-15 20:21:10.624 | INFO     | __main__:main:114 - I just shared an app! It was boring.
2025-01-15 20:21:13.626 | INFO     | __main__:main:114 - I just tried an app! It was exciting.
2025-01-15 20:21:16.627 | INFO     | __main__:main:114 - I just loved a meme! It was exciting.
2025-01-15 20:21:19.628 | INFO     | __main__:main:114 - I just saw a meme! It was weird.
2025-01-15 20:21:22.630 | INFO     | __main__:main:114 - I just found a movie! It was amazing.
2025-01-15 20:21:25.631 | INFO     | __main__:main:114 - I just loved a meme! It was weird.
2025-01-15 20:21:28.633 | INFO     | __main__:main:114 - I just found a meme! It was boring.
2025-01-15 20:21:31.634 | INFO     | __main__:main:114 - I just loved a movie! It was amazing.
2025-01-15 20:21:34.635 | INFO     | __main__:main:114 - I just found a movie! It was amazing.
2025-01-15 20:21:37.636 | INFO     | __main__:main:114 - I just saw an app! It was exciting.
2025-01-15 20:21:40.637 | INFO     | __main__:main:114 - I just found a movie! It was exciting.
2025-01-15 20:21:43.638 | INFO     | __main__:main:114 - I just tried a movie! It was amazing.
2025-01-15 20:21:46.639 | INFO     | __main__:main:114 - I just loved a movie! It was amazing.
2025-01-15 20:21:49.641 | INFO     | __main__:main:114 - I just tried a movie! It was funny.
2025-01-15 20:21:52.641 | INFO     | __main__:main:114 - I just saw an app! It was exciting.
2025-01-15 20:21:55.643 | INFO     | __main__:main:114 - I just found a movie! It was amazing.
2025-01-15 20:21:58.643 | INFO     | __main__:main:114 - I just shared an app! It was boring.
2025-01-15 20:22:01.644 | INFO     | __main__:main:114 - I just shared a meme! It was amazing.
2025-01-15 20:22:04.645 | INFO     | __main__:main:114 - I just found a movie! It was exciting.
2025-01-15 20:22:07.646 | INFO     | __main__:main:114 - I just found a movie! It was amazing.
2025-01-15 20:22:10.647 | INFO     | __main__:main:114 - I just tried a meme! It was boring.
2025-01-15 20:22:13.648 | INFO     | __main__:main:114 - I just shared a story! It was funny.
2025-01-15 20:22:16.649 | INFO     | __main__:main:114 - I just saw a movie! It was amazing.
2025-01-15 20:22:19.651 | INFO     | __main__:main:114 - I just found a movie! It was funny.
2025-01-15 20:22:22.653 | INFO     | __main__:main:114 - I just loved an app! It was exciting.
2025-01-15 20:22:25.654 | INFO     | __main__:main:114 - I just shared an app! It was amazing.
2025-01-15 20:22:28.654 | INFO     | __main__:main:114 - I just loved a trick! It was boring.
2025-01-15 20:22:31.655 | INFO     | __main__:main:114 - I just shared a movie! It was amazing.
2025-01-15 20:22:34.656 | INFO     | __main__:main:114 - I just saw a movie! It was funny.
2025-01-15 20:22:37.657 | INFO     | __main__:main:114 - I just tried a meme! It was amazing.
2025-01-15 20:22:40.657 | INFO     | __main__:main:114 - I just shared a story! It was weird.
2025-01-15 20:22:43.658 | INFO     | __main__:main:114 - I just found an app! It was exciting.
2025-01-15 20:22:46.659 | INFO     | __main__:main:114 - I just found an app! It was boring.
2025-01-15 20:22:49.660 | INFO     | __main__:main:114 - I just saw a trick! It was weird.
2025-01-15 20:22:52.661 | INFO     | __main__:main:114 - I just found a movie! It was funny.
2025-01-15 20:22:55.662 | INFO     | __main__:main:114 - I just tried a movie! It was boring.
2025-01-15 20:22:58.663 | INFO     | __main__:main:114 - I just saw an app! It was funny.
2025-01-15 20:23:01.663 | INFO     | __main__:main:114 - I just found a movie! It was amazing.
2025-01-15 20:23:04.664 | INFO     | __main__:main:114 - I just saw a movie! It was weird.
2025-01-15 20:23:07.665 | INFO     | __main__:main:114 - I just found a meme! It was weird.
2025-01-15 20:23:10.666 | INFO     | __main__:main:114 - I just saw a story! It was weird.
2025-01-15 20:23:13.666 | INFO     | __main__:main:114 - I just shared a trick! It was weird.
2025-01-15 20:23:16.667 | INFO     | __main__:main:114 - I just tried a meme! It was weird.
2025-01-15 20:23:19.668 | INFO     | __main__:main:114 - I just loved a story! It was funny.
2025-01-15 20:23:22.669 | INFO     | __main__:main:114 - I just shared a movie! It was funny.
2025-01-15 20:23:25.670 | INFO     | __main__:main:114 - I just tried a trick! It was exciting.
2025-01-15 20:23:28.671 | INFO     | __main__:main:114 - I just found an app! It was weird.
2025-01-15 20:23:31.672 | INFO     | __main__:main:114 - I just tried a movie! It was amazing.
2025-01-15 20:23:34.673 | INFO     | __main__:main:114 - I just found an app! It was weird.
2025-01-15 20:23:37.674 | INFO     | __main__:main:114 - I just saw a movie! It was weird.
2025-01-15 20:23:40.676 | INFO     | __main__:main:114 - I just loved a trick! It was amazing.
2025-01-15 20:23:43.678 | INFO     | __main__:main:114 - I just loved a movie! It was exciting.
2025-01-15 20:23:46.680 | INFO     | __main__:main:114 - I just loved a story! It was funny.
2025-01-15 20:23:49.681 | INFO     | __main__:main:114 - I just tried a trick! It was weird.
2025-01-15 20:23:52.683 | INFO     | __main__:main:114 - I just loved a movie! It was boring.
2025-01-15 20:23:55.684 | INFO     | __main__:main:114 - I just saw an app! It was weird.
2025-01-15 20:23:58.685 | INFO     | __main__:main:114 - I just found an app! It was exciting.
2025-01-15 20:24:01.687 | INFO     | __main__:main:114 - I just tried a movie! It was weird.
2025-01-15 20:24:04.688 | INFO     | __main__:main:114 - I just tried a meme! It was exciting.
2025-01-15 20:24:07.689 | INFO     | __main__:main:114 - I just shared a movie! It was weird.
2025-01-15 20:24:10.691 | INFO     | __main__:main:114 - I just saw a story! It was boring.
2025-01-15 20:24:13.693 | INFO     | __main__:main:114 - I just shared a story! It was funny.
2025-01-15 20:24:16.695 | INFO     | __main__:main:114 - I just tried a trick! It was amazing.
2025-01-15 20:24:19.696 | INFO     | __main__:main:114 - I just loved a trick! It was funny.
2025-01-15 20:24:22.698 | INFO     | __main__:main:114 - I just saw a story! It was exciting.
2025-01-15 20:24:25.700 | INFO     | __main__:main:114 - I just tried a story! It was funny.
2025-01-15 20:24:28.702 | INFO     | __main__:main:114 - I just shared a meme! It was boring.
2025-01-15 20:24:31.703 | INFO     | __main__:main:114 - I just shared a meme! It was boring.
2025-01-15 20:24:34.705 | INFO     | __main__:main:114 - I just saw a trick! It was funny.
2025-01-15 20:24:37.705 | INFO     | __main__:main:114 - I just saw a story! It was funny.
2025-01-15 20:24:40.706 | INFO     | __main__:main:114 - I just saw a story! It was funny.
2025-01-15 20:24:43.707 | INFO     | __main__:main:114 - I just found a trick! It was funny.
2025-01-15 20:24:46.709 | INFO     | __main__:main:114 - I just saw a meme! It was exciting.
2025-01-15 20:24:49.711 | INFO     | __main__:main:114 - I just saw a meme! It was funny.
2025-01-15 20:24:52.712 | INFO     | __main__:main:114 - I just tried a story! It was amazing.
2025-01-15 20:24:55.713 | INFO     | __main__:main:114 - I just loved a meme! It was weird.
2025-01-15 20:24:58.714 | INFO     | __main__:main:114 - I just tried a story! It was amazing.
2025-01-15 20:25:01.715 | INFO     | __main__:main:114 - I just saw a story! It was exciting.
2025-01-15 20:25:04.716 | INFO     | __main__:main:114 - I just found a story! It was weird.
2025-01-15 20:25:07.718 | INFO     | __main__:main:114 - I just found a trick! It was boring.
2025-01-15 20:25:08.768 | INFO     | utils.utils_logger:<module>:38 - Logging to file: logs\project_log.log
2025-01-15 20:25:08.768 | INFO     | __main__:main:68 - START...
2025-01-15 20:25:08.768 | INFO     | __main__:main:74 - Reading file located at logs\project_log.log.
2025-01-15 20:25:10.720 | INFO     | __main__:main:114 - I just saw a movie! It was amazing.
2025-01-15 20:25:13.721 | INFO     | __main__:main:114 - I just saw a trick! It was funny.
2025-01-15 20:25:16.722 | INFO     | __main__:main:114 - I just tried an app! It was exciting.
2025-01-15 20:25:19.724 | INFO     | __main__:main:114 - I just found a movie! It was weird.
2025-01-15 20:25:22.725 | INFO     | __main__:main:114 - I just found a meme! It was weird.
2025-01-15 20:25:25.727 | INFO     | __main__:main:114 - I just loved a story! It was exciting.
2025-01-15 20:25:28.729 | INFO     | __main__:main:114 - I just saw a story! It was weird.
2025-01-15 20:25:31.731 | INFO     | __main__:main:114 - I just loved an app! It was exciting.
2025-01-15 20:25:34.732 | INFO     | __main__:main:114 - I just found an app! It was funny.
2025-01-15 20:25:37.733 | INFO     | __main__:main:114 - I just saw a meme! It was amazing.
2025-01-15 20:25:40.734 | INFO     | __main__:main:114 - I just saw a meme! It was weird.
2025-01-15 20:25:43.735 | INFO     | __main__:main:114 - I just found a story! It was boring.
2025-01-15 20:25:46.736 | INFO     | __main__:main:114 - I just found a movie! It was exciting.
2025-01-15 20:25:49.736 | INFO     | __main__:main:114 - I just tried a trick! It was amazing.
2025-01-15 20:25:52.738 | INFO     | __main__:main:114 - I just tried a meme! It was amazing.
2025-01-15 20:25:55.740 | INFO     | __main__:main:114 - I just tried a meme! It was exciting.
2025-01-15 20:25:58.741 | INFO     | __main__:main:114 - I just found a trick! It was exciting.
2025-01-15 20:26:01.742 | INFO     | __main__:main:114 - I just saw an app! It was amazing.
2025-01-15 20:26:04.744 | INFO     | __main__:main:114 - I just saw a trick! It was amazing.
2025-01-15 20:26:07.745 | INFO     | __main__:main:114 - I just shared a meme! It was weird.
2025-01-15 20:26:10.746 | INFO     | __main__:main:114 - I just saw a trick! It was weird.
2025-01-15 20:26:13.747 | INFO     | __main__:main:114 - I just tried a movie! It was amazing.
2025-01-15 20:26:16.749 | INFO     | __main__:main:114 - I just loved a movie! It was weird.
2025-01-15 20:26:19.750 | INFO     | __main__:main:114 - I just loved a story! It was exciting.
2025-01-15 20:26:22.751 | INFO     | __main__:main:114 - I just shared a story! It was funny.
2025-01-15 20:26:25.753 | INFO     | __main__:main:114 - I just found an app! It was boring.
2025-01-15 20:26:28.754 | INFO     | __main__:main:114 - I just found a trick! It was exciting.
2025-01-15 20:26:31.755 | INFO     | __main__:main:114 - I just found a story! It was boring.
2025-01-15 20:26:34.756 | INFO     | __main__:main:114 - I just found a trick! It was funny.
2025-01-15 20:26:37.757 | INFO     | __main__:main:114 - I just tried a meme! It was exciting.
2025-01-15 20:26:40.758 | INFO     | __main__:main:114 - I just found a movie! It was boring.
2025-01-15 20:26:43.759 | INFO     | __main__:main:114 - I just shared an app! It was funny.
2025-01-15 20:26:46.761 | INFO     | __main__:main:114 - I just tried a movie! It was funny.
2025-01-15 20:26:49.762 | INFO     | __main__:main:114 - I just found a trick! It was exciting.
2025-01-15 20:26:52.763 | INFO     | __main__:main:114 - I just tried a movie! It was weird.
2025-01-15 20:26:55.765 | INFO     | __main__:main:114 - I just found a movie! It was funny.
2025-01-15 20:26:58.766 | INFO     | __main__:main:114 - I just found a meme! It was boring.
2025-01-15 20:27:01.767 | INFO     | __main__:main:114 - I just loved a story! It was amazing.
2025-01-15 20:27:04.769 | INFO     | __main__:main:114 - I just found a movie! It was funny.
2025-01-15 20:27:07.770 | INFO     | __main__:main:114 - I just saw a trick! It was exciting.
2025-01-15 20:27:10.771 | INFO     | __main__:main:114 - I just loved a trick! It was funny.
2025-01-15 20:27:13.772 | INFO     | __main__:main:114 - I just tried an app! It was funny.
2025-01-15 20:27:16.773 | INFO     | __main__:main:114 - I just loved a meme! It was boring.
2025-01-15 20:27:19.774 | INFO     | __main__:main:114 - I just tried a trick! It was funny.
2025-01-15 20:27:22.775 | INFO     | __main__:main:114 - I just shared a movie! It was amazing.
2025-01-15 20:27:25.776 | INFO     | __main__:main:114 - I just loved a trick! It was weird.
2025-01-15 20:27:28.777 | INFO     | __main__:main:114 - I just loved a movie! It was weird.
2025-01-15 20:27:31.778 | INFO     | __main__:main:114 - I just found a trick! It was weird.
2025-01-15 20:27:34.778 | INFO     | __main__:main:114 - I just shared an app! It was weird.
2025-01-15 20:27:37.779 | INFO     | __main__:main:114 - I just loved a story! It was funny.
2025-01-15 20:27:40.780 | INFO     | __main__:main:114 - I just tried a story! It was funny.
2025-01-15 20:27:43.782 | INFO     | __main__:main:114 - I just loved a movie! It was exciting.
2025-01-15 20:27:46.782 | INFO     | __main__:main:114 - I just saw an app! It was funny.
2025-01-15 20:27:49.783 | INFO     | __main__:main:114 - I just tried a movie! It was exciting.
2025-01-15 20:27:52.785 | INFO     | __main__:main:114 - I just shared a meme! It was weird.
2025-01-15 20:27:52.909 | INFO     | __main__:main:85 - END.....
2025-01-15 20:27:55.787 | INFO     | __main__:main:114 - I just found a trick! It was exciting.
2025-01-15 21:29:10.163 | INFO     | utils.utils_logger:<module>:38 - Logging to file: logs\project_log.log
2025-01-15 21:29:37.341 | INFO     | utils.utils_logger:<module>:38 - Logging to file: logs\project_log.log
2025-01-15 21:29:37.342 | INFO     | __main__:main:106 - START producer...
2025-01-15 21:29:37.342 | INFO     | __main__:main:107 - Hit CTRL c (or CMD c) to close.
2025-01-15 21:29:37.342 | INFO     | __main__:get_message_interval:53 - Messages will be sent every 3 seconds.
2025-01-15 21:29:37.343 | INFO     | __main__:main:114 - I just invented a technique! It was creative.
2025-01-15 21:29:40.343 | INFO     | __main__:main:114 - I just solved an experiment! It was creative.
2025-01-15 21:29:43.344 | INFO     | __main__:main:114 - I just achieved a tool! It was surprising.
2025-01-15 21:29:46.346 | INFO     | __main__:main:114 - I just built a theory! It was charming.
2025-01-15 21:29:49.347 | INFO     | __main__:main:114 - I just tested a skill! It was refreshing.
2025-01-15 21:29:52.348 | INFO     | __main__:main:114 - I just analyzed a hobby! It was inspiring.
2025-01-15 21:29:55.349 | INFO     | __main__:main:114 - I just experienced a lesson! It was surprising.
2025-01-15 21:29:58.350 | INFO     | __main__:main:114 - I just analyzed a book! It was lively.
2025-01-15 21:30:01.351 | INFO     | __main__:main:114 - I just achieved a fact! It was inspiring.
2025-01-15 21:30:04.351 | INFO     | __main__:main:114 - I just built a theory! It was charming.
2025-01-15 21:30:07.353 | INFO     | __main__:main:114 - I just experienced a song! It was creative.
2025-01-15 21:30:10.354 | INFO     | __main__:main:114 - I just achieved a recipe! It was dull.
2025-01-15 21:30:13.356 | INFO     | __main__:main:114 - I just experienced a skill! It was refreshing.
2025-01-15 21:30:16.357 | INFO     | __main__:main:114 - I just invented an experiment! It was thrilling.
2025-01-15 21:30:19.357 | INFO     | __main__:main:114 - I just designed an adventure! It was inspiring.
2025-01-15 21:30:22.358 | INFO     | __main__:main:114 - I just experienced a lesson! It was silly.
2025-01-15 21:30:25.359 | INFO     | __main__:main:114 - I just experienced an adventure! It was dull.
2025-01-15 21:30:28.360 | INFO     | __main__:main:114 - I just designed an idea! It was creative.
2025-01-15 21:30:31.362 | INFO     | __main__:main:114 - I just generated a lesson! It was refreshing.
2025-01-15 21:30:34.363 | INFO     | __main__:main:114 - I just analyzed a joke! It was fascinating.
2025-01-15 21:30:37.365 | INFO     | __main__:main:114 - I just discovered a book! It was refreshing.
2025-01-15 21:30:40.366 | INFO     | __main__:main:114 - I just generated a lesson! It was refreshing.
2025-01-15 21:30:43.367 | INFO     | __main__:main:114 - I just created a recipe! It was thrilling.
2025-01-15 21:30:46.368 | INFO     | __main__:main:114 - I just organized a skill! It was creative.
2025-01-15 21:30:49.369 | INFO     | __main__:main:114 - I just improved a fact! It was charming.
2025-01-15 21:30:52.371 | INFO     | __main__:main:114 - I just solved a technique! It was silly.
2025-01-15 21:30:55.373 | INFO     | __main__:main:114 - I just achieved an experiment! It was unique.
2025-01-15 21:30:58.374 | INFO     | __main__:main:114 - I just achieved an experiment! It was fascinating.
2025-01-15 21:31:01.376 | INFO     | __main__:main:114 - I just invented a lesson! It was unusual.
2025-01-15 21:31:04.378 | INFO     | __main__:main:114 - I just created an idea! It was dull.
2025-01-15 21:31:07.379 | INFO     | __main__:main:114 - I just explored a joke! It was bold.
2025-01-15 21:31:10.380 | INFO     | __main__:main:114 - I just tested a recipe! It was bold.
2025-01-15 21:31:13.381 | INFO     | __main__:main:114 - I just discovered a tool! It was inspiring.
2025-01-15 21:31:16.382 | INFO     | __main__:main:114 - I just analyzed a technique! It was witty.
2025-01-15 21:31:19.383 | INFO     | __main__:main:114 - I just analyzed a skill! It was dull.
2025-01-15 21:31:22.384 | INFO     | __main__:main:114 - I just improved a technique! It was witty.
2025-01-15 21:31:25.386 | INFO     | __main__:main:114 - I just generated a tool! It was unique.
2025-01-15 21:31:28.387 | INFO     | __main__:main:114 - I just explored a lesson! It was thrilling.
2025-01-15 21:31:31.388 | INFO     | __main__:main:114 - I just invented a game! It was dull.
2025-01-15 21:31:34.389 | INFO     | __main__:main:114 - I just improved a technique! It was lively.
2025-01-15 21:31:37.390 | INFO     | __main__:main:114 - I just tested a hobby! It was unique.
2025-01-15 21:31:40.392 | INFO     | __main__:main:114 - I just built an idea! It was lively.
2025-01-15 21:31:43.393 | INFO     | __main__:main:114 - I just tested a theory! It was witty.
2025-01-15 21:31:46.395 | INFO     | __main__:main:114 - I just organized a skill! It was unique.
2025-01-15 21:31:49.397 | INFO     | __main__:main:114 - I just experienced an experiment! It was unusual.
2025-01-15 21:31:52.399 | INFO     | __main__:main:114 - I just achieved a skill! It was unique.
2025-01-15 21:31:55.400 | INFO     | __main__:main:114 - I just learned a recipe! It was creative.
2025-01-15 21:31:58.401 | INFO     | __main__:main:114 - I just solved a song! It was silly.
2025-01-15 21:32:01.403 | INFO     | __main__:main:114 - I just analyzed a technique! It was witty.
2025-01-15 21:32:04.404 | INFO     | __main__:main:114 - I just built an experiment! It was creative.
2025-01-15 21:32:07.406 | INFO     | __main__:main:114 - I just invented an experiment! It was inspiring.
2025-01-15 21:32:10.408 | INFO     | __main__:main:114 - I just learned a lesson! It was unique.
2025-01-15 21:32:13.410 | INFO     | __main__:main:114 - I just organized a skill! It was surprising.
2025-01-15 21:32:16.411 | INFO     | __main__:main:114 - I just generated an experiment! It was silly.
2025-01-15 21:32:19.412 | INFO     | __main__:main:114 - I just invented a theory! It was inspiring.
2025-01-15 21:32:22.413 | INFO     | __main__:main:114 - I just organized a lesson! It was fascinating.
2025-01-15 21:32:25.415 | INFO     | __main__:main:114 - I just created a joke! It was inspiring.
2025-01-15 21:32:28.417 | INFO     | __main__:main:114 - I just experienced a joke! It was silly.
2025-01-15 21:32:31.418 | INFO     | __main__:main:114 - I just tested a song! It was surprising.
2025-01-15 21:32:34.421 | INFO     | __main__:main:114 - I just generated a fact! It was unusual.
2025-01-15 21:32:37.422 | INFO     | __main__:main:114 - I just analyzed a theory! It was surprising.
2025-01-15 21:32:40.424 | INFO     | __main__:main:114 - I just achieved a tool! It was witty.
2025-01-15 21:32:43.425 | INFO     | __main__:main:114 - I just built a theory! It was charming.
2025-01-15 21:32:46.426 | INFO     | __main__:main:114 - I just created a theory! It was dull.
2025-01-15 21:32:49.427 | INFO     | __main__:main:114 - I just organized a fact! It was bold.
2025-01-15 21:32:52.428 | INFO     | __main__:main:114 - I just invented a theory! It was silly.
2025-01-15 21:32:55.430 | INFO     | __main__:main:114 - I just tested a recipe! It was dull.
2025-01-15 21:32:58.432 | INFO     | __main__:main:114 - I just generated a joke! It was unique.
2025-01-15 21:33:01.433 | INFO     | __main__:main:114 - I just solved a theory! It was surprising.
2025-01-15 21:33:04.434 | INFO     | __main__:main:114 - I just built a joke! It was refreshing.
2025-01-15 21:33:07.436 | INFO     | __main__:main:114 - I just designed a game! It was surprising.
2025-01-15 21:33:10.438 | INFO     | __main__:main:114 - I just solved a theory! It was unique.
2025-01-15 21:33:13.438 | INFO     | __main__:main:114 - I just achieved a hobby! It was witty.
2025-01-15 21:33:16.439 | INFO     | __main__:main:114 - I just tested a lesson! It was lively.
2025-01-15 21:33:19.440 | INFO     | __main__:main:114 - I just created a theory! It was witty.
2025-01-15 21:33:22.442 | INFO     | __main__:main:114 - I just created a joke! It was fascinating.
2025-01-15 21:33:25.443 | INFO     | __main__:main:114 - I just explored a recipe! It was fascinating.
2025-01-15 21:33:28.445 | INFO     | __main__:main:114 - I just solved a song! It was fascinating.
2025-01-15 21:33:31.446 | INFO     | __main__:main:114 - I just designed a hobby! It was dull.
2025-01-15 21:33:34.447 | INFO     | __main__:main:114 - I just discovered a fact! It was unusual.
2025-01-15 21:33:37.449 | INFO     | __main__:main:114 - I just learned an adventure! It was thrilling.
2025-01-15 21:33:40.450 | INFO     | __main__:main:114 - I just learned an idea! It was charming.
2025-01-15 21:33:43.451 | INFO     | __main__:main:114 - I just analyzed a song! It was silly.
2025-01-15 21:33:46.452 | INFO     | __main__:main:114 - I just tested a technique! It was incredible.
2025-01-15 21:33:49.453 | INFO     | __main__:main:114 - I just tested an experiment! It was thrilling.
2025-01-15 21:33:52.454 | INFO     | __main__:main:114 - I just learned an idea! It was bold.
2025-01-15 21:33:55.456 | INFO     | __main__:main:114 - I just invented a joke! It was bold.
2025-01-15 21:33:58.458 | INFO     | __main__:main:114 - I just generated an experiment! It was incredible.
2025-01-15 21:34:01.459 | INFO     | __main__:main:114 - I just achieved a technique! It was thrilling.
2025-01-15 21:34:04.460 | INFO     | __main__:main:114 - I just tested a joke! It was surprising.
2025-01-15 21:34:07.462 | INFO     | __main__:main:114 - I just explored a book! It was surprising.
2025-01-15 21:34:10.463 | INFO     | __main__:main:114 - I just designed an idea! It was charming.
2025-01-15 21:34:13.465 | INFO     | __main__:main:114 - I just tested a game! It was inspiring.
2025-01-15 21:34:16.466 | INFO     | __main__:main:114 - I just designed a hobby! It was fascinating.
2025-01-15 21:34:19.467 | INFO     | __main__:main:114 - I just built a lesson! It was witty.
2025-01-15 21:34:22.468 | INFO     | __main__:main:114 - I just designed a theory! It was lively.
2025-01-15 21:34:25.470 | INFO     | __main__:main:114 - I just achieved a game! It was dull.
2025-01-15 21:34:28.471 | INFO     | __main__:main:114 - I just generated a song! It was unusual.
2025-01-15 21:34:31.472 | INFO     | __main__:main:114 - I just organized a recipe! It was unique.
2025-01-15 21:34:34.474 | INFO     | __main__:main:114 - I just experienced a technique! It was lively.
2025-01-15 21:34:37.476 | INFO     | __main__:main:114 - I just solved a game! It was charming.
